Compiling the C compiler identification source file "CMakeCCompilerId.c" failed.
Compiler: C:/Program Files (x86)/Microsoft Visual Studio/2019/Community/VC/Tools/MSVC/14.26.28801/bin/HostX64/x64/cl.exe 
Build flags: 
Id flags:  

The output was:
2
Compilateur d'optimisation Microsoft (R) C/C++ version 19.26.28805 pour x64
Copyright (C) Microsoft Corporation. Tous droits réservés.

CMakeCCompilerId.c
Microsoft (R) Incremental Linker Version 14.26.28805.0
Copyright (C) Microsoft Corporation.  All rights reserved.

/out:CMakeCCompilerId.exe 
CMakeCCompilerId.obj 
LINK : fatal error LNK1104: impossible d'ouvrir le fichier 'kernel32.lib'


Compiling the CXX compiler identification source file "CMakeCXXCompilerId.cpp" failed.
Compiler: C:/Program Files (x86)/Microsoft Visual Studio/2019/Community/VC/Tools/MSVC/14.26.28801/bin/HostX64/x64/cl.exe 
Build flags: 
Id flags:  

The output was:
2
Compilateur d'optimisation Microsoft (R) C/C++ version 19.26.28805 pour x64
Copyright (C) Microsoft Corporation. Tous droits réservés.

CMakeCXXCompilerId.cpp
Microsoft (R) Incremental Linker Version 14.26.28805.0
Copyright (C) Microsoft Corporation.  All rights reserved.

/out:CMakeCXXCompilerId.exe 
CMakeCXXCompilerId.obj 
LINK : fatal error LNK1104: impossible d'ouvrir le fichier 'kernel32.lib'


Determining if the C compiler works failed with the following output:
Change Dir: C:/Users/az02098.CORP/source/repos/projectm/src/projectm-android/app/src/main/cpp/out/build/x64-Debug (par défaut)/CMakeFiles/CMakeTmp

Run Build Command(s):C:/Program Files (x86)/Microsoft Visual Studio/2019/Community/Common7/IDE/CommonExtensions/Microsoft/CMake/Ninja/ninja.exe cmTC_82cb9 && [1/2] Building C object CMakeFiles\cmTC_82cb9.dir\testCCompiler.c.obj
[2/2] Linking C executable cmTC_82cb9.exe
FAILED: cmTC_82cb9.exe 
cmd.exe /C "cd . && "C:\Program Files (x86)\Microsoft Visual Studio\2019\Community\Common7\IDE\CommonExtensions\Microsoft\CMake\CMake\bin\cmake.exe" -E vs_link_exe --intdir=CMakeFiles\cmTC_82cb9.dir --rc=rc --mt=CMAKE_MT-NOTFOUND --manifests  -- C:\PROGRA~2\MICROS~4\2019\COMMUN~1\VC\Tools\MSVC\1426~1.288\bin\Hostx64\x64\link.exe /nologo CMakeFiles\cmTC_82cb9.dir\testCCompiler.c.obj  /out:cmTC_82cb9.exe /implib:cmTC_82cb9.lib /pdb:cmTC_82cb9.pdb /version:0.0  /machine:x64  /debug /INCREMENTAL /subsystem:console  kernel32.lib user32.lib gdi32.lib winspool.lib shell32.lib ole32.lib oleaut32.lib uuid.lib comdlg32.lib advapi32.lib && cd ."
RC Pass 1: command "rc /fo CMakeFiles\cmTC_82cb9.dir/manifest.res CMakeFiles\cmTC_82cb9.dir/manifest.rc" failed (exit code 0) with the following output:
Le fichier spécifié est introuvable
ninja: build stopped: subcommand failed.



